<?xml version="1.0" encoding="windows-1252" standalone="no"?>
<!DOCTYPE log SYSTEM "logger.dtd">
<log>
<record>
  <date>2021-09-08T20:00:58</date>
  <millis>1631142058994</millis>
  <sequence>0</sequence>
  <logger>File encoder/decoder</logger>
  <level>SEVERE</level>
  <class>encoder.file.FileEncoder</class>
  <method>extractEcc</method>
  <thread>15</thread>
  <message>Cabecalho do arquivo codificado nao esta de acordo com o byte de verificacao CRC. A decodificacao Hamming sera abortada.</message>
</record>
<record>
  <date>2021-09-08T20:02:56</date>
  <millis>1631142176795</millis>
  <sequence>1</sequence>
  <logger>File encoder/decoder</logger>
  <level>WARNING</level>
  <class>encoder.HammingEncoder</class>
  <method>decode</method>
  <thread>15</thread>
  <message>Inconsistencia encontrada durante a decodificacao Hamming. A informacao foi corrigida automaticamente.</message>
</record>
</log>
